<?xml version="1.0" encoding="UTF-8"?>
<coverage generated="1561321334323" clover="3.2.0">
  <project timestamp="1561321334323" name="All files">
    <metrics statements="9" coveredstatements="9" conditionals="0" coveredconditionals="0" methods="3" coveredmethods="3" elements="12" coveredelements="12" complexity="0" loc="9" ncloc="9" packages="1" files="2" classes="2"/>
    <file name="index.js" path="/Users/bremeva/Documents/projects/js-mn-istanbuljs/src/index.js">
      <metrics statements="4" coveredstatements="4" conditionals="0" coveredconditionals="0" methods="1" coveredmethods="1"/>
      <line num="1" count="2" type="stmt"/>
      <line num="3" count="2" type="stmt"/>
      <line num="4" count="6" type="stmt"/>
      <line num="5" count="6" type="stmt"/>
    </file>
    <file name="some-consumer.js" path="/Users/bremeva/Documents/projects/js-mn-istanbuljs/src/some-consumer.js">
      <metrics statements="5" coveredstatements="5" conditionals="0" coveredconditionals="0" methods="2" coveredmethods="2"/>
      <line num="1" count="1" type="stmt"/>
      <line num="3" count="1" type="stmt"/>
      <line num="4" count="1" type="stmt"/>
      <line num="6" count="5" type="stmt"/>
      <line num="8" count="1" type="stmt"/>
    </file>
  </project>
</coverage>
